TN:
SF:/Users/borislav/temp/grakn/grakn-dashboard/src/js/EngineClient.js
FN:23,request
FN:33,(anonymous_2)
FN:39,setOnLoad
FN:48,setOnError
FN:23,setHeaders
FN:23,sendInvite
FN:78,(anonymous_7)
FN:23,fetchKeyspaces
FN:23,newSession
FN:23,preMaterialiseAll
FN:23,graqlShell
FN:23,graqlHAL
FN:23,graqlAnalytics
FN:23,explainQuery
FN:23,getConfig
FN:23,getMetaTypes
FN:23,getConceptTypes
FN:23,getAllTasks
FN:23,stopTask
FNF:19
FNH:0
FNDA:0,request
FNDA:0,(anonymous_2)
FNDA:0,setOnLoad
FNDA:0,setOnError
FNDA:0,setHeaders
FNDA:0,sendInvite
FNDA:0,(anonymous_7)
FNDA:0,fetchKeyspaces
FNDA:0,newSession
FNDA:0,preMaterialiseAll
FNDA:0,graqlShell
FNDA:0,graqlHAL
FNDA:0,graqlAnalytics
FNDA:0,explainQuery
FNDA:0,getConfig
FNDA:0,getMetaTypes
FNDA:0,getConceptTypes
FNDA:0,getAllTasks
FNDA:0,stopTask
DA:18,1
DA:32,0
DA:33,0
DA:35,0
DA:36,0
DA:37,0
DA:39,0
DA:40,0
DA:41,0
DA:43,0
DA:48,0
DA:49,0
DA:53,0
DA:58,0
DA:59,0
DA:60,0
DA:62,0
DA:63,0
DA:67,0
DA:79,0
DA:84,0
DA:90,0
DA:103,0
DA:113,0
DA:124,0
DA:132,0
DA:139,0
DA:146,0
DA:154,0
DA:160,0
DA:169,0
DA:175,0
LF:32
LH:1
BRDA:36,0,0,0
BRDA:36,0,1,0
BRDA:40,1,0,0
BRDA:40,1,1,0
BRDA:59,2,0,0
BRDA:59,2,1,0
BRDA:62,3,0,0
BRDA:62,3,1,0
BRDA:63,4,0,0
BRDA:63,4,1,0
BRF:10
BRH:0
end_of_record
TN:
SF:/Users/borislav/temp/grakn/grakn-dashboard/src/js/NodeSettings.js
FN:26,getLabelProperties
FN:26,removeTypeLabel
FN:44,(anonymous_3)
FN:26,addTypeLabel
FN:26,setTypeLabels
FN:26,getNodeColour
FN:26,setNodeColour
FNF:7
FNH:0
FNDA:0,getLabelProperties
FNDA:0,removeTypeLabel
FNDA:0,(anonymous_3)
FNDA:0,addTypeLabel
FNDA:0,setTypeLabels
FNDA:0,getNodeColour
FNDA:0,setNodeColour
DA:18,1
DA:22,1
DA:23,1
DA:29,0
DA:30,0
DA:32,0
DA:33,0
DA:34,0
DA:36,0
DA:37,0
DA:38,0
DA:41,0
DA:44,0
DA:45,0
DA:49,0
DA:50,0
DA:52,0
DA:56,0
DA:57,0
DA:59,0
DA:60,0
DA:62,0
DA:65,0
DA:73,0
DA:74,0
DA:75,0
DA:77,0
DA:78,0
DA:79,0
DA:81,0
DA:82,0
DA:83,0
DA:86,0
DA:89,0
DA:95,0
DA:96,0
DA:98,0
DA:99,0
DA:102,0
DA:105,0
LF:40
LH:3
BRDA:32,0,0,0
BRDA:32,0,1,0
BRDA:37,1,0,0
BRDA:37,1,1,0
BRDA:37,2,0,0
BRDA:37,2,1,0
BRDA:59,3,0,0
BRDA:59,3,1,0
BRDA:73,4,0,0
BRDA:73,4,1,0
BRDA:73,5,0,0
BRDA:73,5,1,0
BRDA:77,6,0,0
BRDA:77,6,1,0
BRDA:82,7,0,0
BRDA:82,7,1,0
BRDA:82,8,0,0
BRDA:82,8,1,0
BRDA:98,9,0,0
BRDA:98,9,1,0
BRF:20
BRH:0
end_of_record
TN:
SF:/Users/borislav/temp/grakn/grakn-dashboard/src/js/User.js
FN:11,newSession
FN:11,setAuthToken
FN:11,logout
FN:11,isAuthenticated
FN:11,setReasonerStatus
FN:11,getReasonerStatus
FN:11,setMaterialiseStatus
FN:11,getFreezeNodes
FN:11,setFreezeNodes
FN:11,getMaterialiseStatus
FN:11,setCurrentKeySpace
FN:11,getCurrentKeySpace
FN:11,setModalShown
FN:11,getModalShown
FN:11,getQueryLimit
FN:11,setQueryLimit
FNF:16
FNH:0
FNDA:0,newSession
FNDA:0,setAuthToken
FNDA:0,logout
FNDA:0,isAuthenticated
FNDA:0,setReasonerStatus
FNDA:0,getReasonerStatus
FNDA:0,setMaterialiseStatus
FNDA:0,getFreezeNodes
FNDA:0,setFreezeNodes
FNDA:0,getMaterialiseStatus
FNDA:0,setCurrentKeySpace
FNDA:0,getCurrentKeySpace
FNDA:0,setModalShown
FNDA:0,getModalShown
FNDA:0,getQueryLimit
FNDA:0,setQueryLimit
DA:1,1
DA:5,1
DA:6,1
DA:7,1
DA:8,1
DA:15,0
DA:19,0
DA:23,0
DA:27,0
DA:28,0
DA:29,0
DA:34,0
DA:39,0
DA:40,0
DA:41,0
DA:42,0
DA:44,0
DA:48,0
DA:52,0
DA:53,0
DA:54,0
DA:55,0
DA:57,0
DA:61,0
DA:66,0
DA:67,0
DA:68,0
DA:69,0
DA:71,0
DA:76,0
DA:80,0
DA:82,0
DA:84,0
DA:88,0
DA:92,0
DA:93,0
DA:94,0
DA:95,0
DA:97,0
DA:102,0
DA:103,0
DA:104,0
DA:105,0
DA:107,0
DA:110,0
DA:111,0
DA:112,0
LF:47
LH:5
BRDA:28,0,0,0
BRDA:28,0,1,0
BRDA:40,1,0,0
BRDA:40,1,1,0
BRDA:53,2,0,0
BRDA:53,2,1,0
BRDA:67,3,0,0
BRDA:67,3,1,0
BRDA:80,4,0,0
BRDA:80,4,1,0
BRDA:93,5,0,0
BRDA:93,5,1,0
BRDA:103,6,0,0
BRDA:103,6,1,0
BRDA:110,7,0,0
BRDA:110,7,1,0
BRDA:111,8,0,0
BRDA:111,8,1,0
BRF:18
BRH:0
end_of_record
TN:
SF:/Users/borislav/temp/grakn/grakn-dashboard/src/js/util/HALTerms.js
FNF:0
FNH:0
DA:23,1
DA:24,1
DA:26,1
DA:28,1
DA:29,1
DA:32,1
DA:33,1
DA:35,1
DA:36,1
DA:38,1
DA:39,1
DA:41,1
DA:42,1
DA:45,1
DA:47,1
DA:48,1
DA:49,1
DA:50,1
DA:51,1
DA:52,1
DA:53,1
DA:54,1
DA:55,1
DA:56,1
DA:57,1
DA:58,1
DA:60,1
DA:61,1
LF:28
LH:28
BRF:0
BRH:0
end_of_record
TN:
SF:/Users/borislav/temp/grakn/grakn-dashboard/src/js/visualiser/Style.js
FN:27,Style
FNF:1
FNH:1
FNDA:1,Style
DA:20,1
DA:21,1
DA:27,1
DA:28,1
DA:32,1
DA:42,1
DA:57,0
DA:58,0
DA:59,0
DA:60,0
DA:62,0
DA:70,0
DA:72,0
DA:75,0
DA:81,0
DA:85,0
DA:91,0
DA:94,0
DA:100,0
DA:102,0
DA:103,0
DA:110,0
DA:114,0
DA:123,0
DA:124,0
DA:129,0
DA:130,0
DA:132,0
DA:134,0
DA:138,0
DA:139,0
DA:143,0
DA:144,0
DA:146,0
DA:147,0
DA:149,0
DA:151,0
DA:160,0
DA:178,0
DA:194,0
DA:198,0
DA:207,0
LF:42
LH:6
BRDA:57,0,0,0
BRDA:57,0,1,0
BRDA:57,1,0,0
BRDA:57,1,1,0
BRDA:59,2,0,0
BRDA:59,2,1,0
BRDA:73,3,0,0
BRDA:73,3,1,0
BRDA:73,3,2,0
BRDA:73,3,3,0
BRDA:73,3,4,0
BRDA:73,3,5,0
BRDA:73,3,6,0
BRDA:73,3,7,0
BRDA:102,4,0,0
BRDA:102,4,1,0
BRDA:125,5,0,0
BRDA:125,5,1,0
BRDA:125,5,2,0
BRDA:125,5,3,0
BRDA:125,5,4,0
BRDA:140,6,0,0
BRDA:140,6,1,0
BRDA:140,6,2,0
BRDA:140,6,3,0
BRDA:140,6,4,0
BRF:26
BRH:0
end_of_record
TN:
SF:/Users/borislav/temp/grakn/grakn-dashboard/src/js/visualiser/Visualiser.js
FN:36,Visualiser
FN:123,(anonymous_6)
FN:129,(anonymous_7)
FN:135,(anonymous_8)
FN:230,(anonymous_17)
FN:232,(anonymous_18)
FN:252,(anonymous_21)
FN:321,(anonymous_25)
FN:423,(anonymous_36)
FN:448,(anonymous_38)
FN:474,(anonymous_39)
FN:540,(anonymous_43)
FN:548,(anonymous_45)
FN:556,(anonymous_47)
FN:571,(anonymous_49)
FNF:15
FNH:1
FNDA:1,Visualiser
FNDA:0,(anonymous_6)
FNDA:0,(anonymous_7)
FNDA:0,(anonymous_8)
FNDA:0,(anonymous_17)
FNDA:0,(anonymous_18)
FNDA:0,(anonymous_21)
FNDA:0,(anonymous_25)
FNDA:0,(anonymous_36)
FNDA:0,(anonymous_38)
FNDA:0,(anonymous_39)
FNDA:0,(anonymous_43)
FNDA:0,(anonymous_45)
FNDA:0,(anonymous_47)
FNDA:0,(anonymous_49)
DA:20,1
DA:21,1
DA:23,1
DA:24,1
DA:25,1
DA:26,1
DA:36,1
DA:37,1
DA:40,1
DA:42,1
DA:43,1
DA:46,1
DA:49,1
DA:90,1
DA:91,1
DA:93,1
DA:96,1
DA:97,1
DA:99,1
DA:100,1
DA:104,0
DA:111,0
DA:112,0
DA:119,0
DA:120,0
DA:123,0
DA:124,0
DA:125,0
DA:129,0
DA:130,0
DA:131,0
DA:135,0
DA:136,0
DA:137,0
DA:142,0
DA:143,0
DA:144,0
DA:147,0
DA:152,0
DA:153,0
DA:154,0
DA:155,0
DA:159,0
DA:160,0
DA:164,0
DA:165,0
DA:169,0
DA:170,0
DA:172,0
DA:177,0
DA:178,0
DA:179,0
DA:180,0
DA:181,0
DA:182,0
DA:186,0
DA:187,0
DA:188,0
DA:190,0
DA:191,0
DA:192,0
DA:193,0
DA:194,0
DA:195,0
DA:196,0
DA:197,0
DA:200,0
DA:204,0
DA:216,0
DA:220,0
DA:225,0
DA:226,0
DA:228,0
DA:229,0
DA:230,0
DA:232,0
DA:233,0
DA:240,0
DA:241,0
DA:250,0
DA:251,0
DA:252,0
DA:267,0
DA:268,0
DA:269,0
DA:276,0
DA:277,0
DA:278,0
DA:283,0
DA:286,0
DA:305,0
DA:306,0
DA:307,0
DA:316,0
DA:320,0
DA:321,0
DA:322,0
DA:323,0
DA:331,0
DA:340,0
DA:341,0
DA:352,0
DA:359,0
DA:360,0
DA:361,0
DA:363,0
DA:370,0
DA:371,0
DA:372,0
DA:376,0
DA:381,0
DA:382,0
DA:384,0
DA:388,0
DA:392,0
DA:393,0
DA:395,0
DA:399,0
DA:403,0
DA:404,0
DA:406,0
DA:409,0
DA:410,0
DA:413,0
DA:414,0
DA:415,0
DA:420,0
DA:423,0
DA:424,0
DA:425,0
DA:435,0
DA:436,0
DA:437,0
DA:438,0
DA:439,0
DA:440,0
DA:442,0
DA:443,0
DA:448,0
DA:449,0
DA:450,0
DA:468,0
DA:474,0
DA:475,0
DA:476,0
DA:497,0
DA:498,0
DA:500,0
DA:501,0
DA:502,0
DA:503,0
DA:504,0
DA:505,0
DA:506,0
DA:510,0
DA:521,0
DA:528,0
DA:535,1
DA:536,1
DA:539,0
DA:540,0
DA:547,0
DA:548,0
DA:549,0
DA:554,0
DA:555,0
DA:556,0
DA:557,0
DA:558,0
DA:559,0
DA:560,0
DA:562,0
DA:563,0
DA:564,0
DA:567,0
DA:570,0
DA:571,0
DA:572,0
DA:573,0
DA:578,0
DA:583,0
DA:587,0
DA:588,0
LF:183
LH:22
BRDA:124,0,0,0
BRDA:124,0,1,0
BRDA:124,1,0,0
BRDA:124,1,1,0
BRDA:136,2,0,0
BRDA:136,2,1,0
BRDA:164,3,0,0
BRDA:164,3,1,0
BRDA:196,4,0,0
BRDA:196,4,1,0
BRDA:196,5,0,0
BRDA:196,5,1,0
BRDA:196,5,2,0
BRDA:196,5,3,0
BRDA:226,6,0,0
BRDA:226,6,1,0
BRDA:229,7,0,0
BRDA:229,7,1,0
BRDA:240,8,0,0
BRDA:240,8,1,0
BRDA:251,9,0,0
BRDA:251,9,1,0
BRDA:267,10,0,0
BRDA:267,10,1,0
BRDA:276,11,0,0
BRDA:276,11,1,0
BRDA:306,12,0,0
BRDA:306,12,1,0
BRDA:306,13,0,0
BRDA:306,13,1,0
BRDA:340,14,0,0
BRDA:340,14,1,0
BRDA:359,15,0,0
BRDA:359,15,1,0
BRDA:381,16,0,0
BRDA:381,16,1,0
BRDA:392,17,0,0
BRDA:392,17,1,0
BRDA:403,18,0,0
BRDA:403,18,1,0
BRDA:403,19,0,0
BRDA:403,19,1,0
BRDA:424,20,0,0
BRDA:424,20,1,0
BRDA:436,21,0,0
BRDA:436,21,1,0
BRDA:438,22,0,0
BRDA:438,22,1,0
BRDA:442,23,0,0
BRDA:442,23,1,0
BRDA:449,24,0,0
BRDA:449,24,1,0
BRDA:475,25,0,0
BRDA:475,25,1,0
BRDA:505,26,0,0
BRDA:505,26,1,0
BRDA:505,27,0,0
BRDA:505,27,1,0
BRDA:505,27,2,0
BRDA:505,27,3,0
BRDA:535,28,0,1
BRDA:535,28,1,0
BRDA:535,29,0,1
BRDA:535,29,1,0
BRDA:549,30,0,0
BRDA:549,30,1,0
BRDA:549,31,0,0
BRDA:549,31,1,0
BRDA:554,32,0,0
BRDA:554,32,1,0
BRDA:554,33,0,0
BRDA:554,33,1,0
BRDA:554,33,2,0
BRDA:555,34,0,0
BRDA:555,34,1,0
BRDA:558,35,0,0
BRDA:558,35,1,0
BRDA:560,36,0,0
BRDA:560,36,1,0
BRDA:562,37,0,0
BRDA:562,37,1,0
BRDA:563,38,0,0
BRDA:563,38,1,0
BRDA:564,39,0,0
BRDA:564,39,1,0
BRDA:572,40,0,0
BRDA:572,40,1,0
BRDA:204,41,0,0
BRDA:204,41,1,0
BRDA:528,42,0,0
BRDA:528,42,1,0
BRDA:528,42,2,0
BRDA:528,42,3,0
BRF:93
BRH:2
end_of_record
